<?xml version="1.0" encoding="UTF-8"?>
<testsuite name="ru.nsu.zhao.MarkdownGeneratorTest" tests="4" skipped="0" failures="0" errors="0" timestamp="2024-12-09T15:21:58" hostname="COOKIE" time="0.082">
  <properties/>
  <testcase name="testEmptyTable()" classname="ru.nsu.zhao.MarkdownGeneratorTest" time="0.057"/>
  <testcase name="testBoldSerialization()" classname="ru.nsu.zhao.MarkdownGeneratorTest" time="0.014"/>
  <testcase name="testRowLimit()" classname="ru.nsu.zhao.MarkdownGeneratorTest" time="0.004"/>
  <testcase name="testEquality()" classname="ru.nsu.zhao.MarkdownGeneratorTest" time="0.004"/>
  <system-out><![CDATA[]]></system-out>
  <system-err><![CDATA[]]></system-err>
</testsuite>
