<?xml version="1.0" encoding="UTF-8"?>
<testsuite name="ru.nsu.zhao.SubstringFinderTest" tests="4" skipped="0" failures="0" errors="0" timestamp="2024-11-20T06:00:05" hostname="COOKIE" time="0.028">
  <properties/>
  <testcase name="testNoMatchFound()" classname="ru.nsu.zhao.SubstringFinderTest" time="0.019"/>
  <testcase name="testEmptySubstring()" classname="ru.nsu.zhao.SubstringFinderTest" time="0.002"/>
  <testcase name="testFileNotFound()" classname="ru.nsu.zhao.SubstringFinderTest" time="0.003"/>
  <testcase name="testFileContentShorterThanSubstring()" classname="ru.nsu.zhao.SubstringFinderTest" time="0.002"/>
  <system-out><![CDATA[]]></system-out>
  <system-err><![CDATA[]]></system-err>
</testsuite>
