<?xml version="1.0" encoding="UTF-8"?>
<testsuite name="ru.nsu.zhao.FITBookTest" tests="10" skipped="0" failures="0" errors="0" timestamp="2024-12-16T05:16:11" hostname="COOKIE" time="0.086">
  <properties/>
  <testcase name="testNoLuckNoDiploma()" classname="ru.nsu.zhao.FITBookTest" time="0.056"/>
  <testcase name="testAverageGrade()" classname="ru.nsu.zhao.FITBookTest" time="0.009"/>
  <testcase name="testNoQualificationNoDiploma()" classname="ru.nsu.zhao.FITBookTest" time="0.001"/>
  <testcase name="testTransferToBudget()" classname="ru.nsu.zhao.FITBookTest" time="0.002"/>
  <testcase name="testNoTransferToBudget()" classname="ru.nsu.zhao.FITBookTest" time="0.001"/>
  <testcase name="testNoBrainMuchLuck()" classname="ru.nsu.zhao.FITBookTest" time="0.0"/>
  <testcase name="testCannotGetDiplomaDueToAverageGrade()" classname="ru.nsu.zhao.FITBookTest" time="0.007"/>
  <testcase name="testCanGetRedDiplomaFuture()" classname="ru.nsu.zhao.FITBookTest" time="0.0"/>
  <testcase name="testCannotGetRedDiplomaDueToSatisfactory()" classname="ru.nsu.zhao.FITBookTest" time="0.0"/>
  <testcase name="testNoBrainNoMoney()" classname="ru.nsu.zhao.FITBookTest" time="0.001"/>
  <system-out><![CDATA[]]></system-out>
  <system-err><![CDATA[]]></system-err>
</testsuite>
