<?xml version="1.0" encoding="UTF-8"?>
<testsuite name="ru.nsu.zhao.GraphTest" tests="3" skipped="0" failures="0" errors="0" timestamp="2024-10-28T06:34:03" hostname="COOKIE" time="0.042">
  <properties/>
  <testcase name="testCycleDetection()" classname="ru.nsu.zhao.GraphTest" time="0.034"/>
  <testcase name="testAddAndRemoveEdge()" classname="ru.nsu.zhao.GraphTest" time="0.002"/>
  <testcase name="testTopologicalSort()" classname="ru.nsu.zhao.GraphTest" time="0.003"/>
  <system-out><![CDATA[]]></system-out>
  <system-err><![CDATA[]]></system-err>
</testsuite>
