<?xml version="1.0" encoding="UTF-8"?>
<testsuite name="ru.nsu.zhao.GameFieldTest" tests="2" skipped="0" failures="0" errors="0" timestamp="2025-04-14T08:54:09" hostname="COOKIE" time="0.143">
  <properties/>
  <testcase name="testGenerateFood()" classname="ru.nsu.zhao.GameFieldTest" time="0.046"/>
  <testcase name="testFoodNotCollided()" classname="ru.nsu.zhao.GameFieldTest" time="0.095"/>
  <system-out><![CDATA[]]></system-out>
  <system-err><![CDATA[]]></system-err>
</testsuite>
